2023-06-19T00:33:43.4653033 Cannot invoke "com.techelevator.tenmo.services.UserAccount.getUser()" because the return value of "com.techelevator.tenmo.services.TransferMoney.getSenderAccount()" is null
2023-06-19T00:36:10.1715505 I/O error on POST request for "http://localhost:8080/login": Connection refused: connect; nested exception is java.net.ConnectException: Connection refused: connect
2023-06-19T00:36:22.8540892 I/O error on POST request for "http://localhost:8080/login": Connection refused: connect; nested exception is java.net.ConnectException: Connection refused: connect
2023-06-19T00:36:47.1500048 I/O error on POST request for "http://localhost:8080/register": Connection refused: connect; nested exception is java.net.ConnectException: Connection refused: connect
2023-06-19T00:38:31.9867754 I/O error on POST request for "http://localhost:8080/login": Connection refused: connect; nested exception is java.net.ConnectException: Connection refused: connect
2023-06-19T00:42:01.9737695 400 : [{"timestamp":"2023-06-19T05:42:01.947+00:00","status":400,"error":"Bad Request","message":"Required int parameter 'transfer_id' is not present","path":"/transfers/MoreInfo"}]
2023-06-19T08:48:07.2411766 400 : [{"timestamp":"2023-06-19T13:48:07.212+00:00","status":400,"error":"Bad Request","message":"Required int parameter 'transfer_id' is not present","path":"/transfers/MoreInfo"}]
2023-06-19T09:10:40.556604 401 : [no body]
2023-06-19T09:11:01.5546252 400 : [{"timestamp":"2023-06-19T14:11:01.546+00:00","status":400,"error":"Bad Request","message":"Required int parameter 'transfer_id' is not present","path":"/transfers/MoreInfo"}]
2023-06-19T09:49:33.9688339 400 : [{"timestamp":"2023-06-19T14:49:33.941+00:00","status":400,"error":"Bad Request","message":"Required int parameter 'transfer_id' is not present","path":"/transfers/MoreInfo"}]
2023-06-19T10:01:29.2420868 404 : [{"timestamp":"2023-06-19T15:01:29.203+00:00","status":404,"error":"Not Found","message":"No message available","path":"/transfer/MoreInfo"}]
2023-06-19T10:09:50.4462615 404 : [{"timestamp":"2023-06-19T15:09:50.422+00:00","status":404,"error":"Not Found","message":"No message available","path":"/transfer/MoreInfo"}]
2023-06-19T10:21:13.7038839 404 : [{"timestamp":"2023-06-19T15:21:13.662+00:00","status":404,"error":"Not Found","message":"No message available","path":"/transfer/MoreInfo"}]
2023-06-19T10:39:52.8542227 401 : [no body]
2023-06-19T10:40:04.2165706 400 : [{"timestamp":"2023-06-19T15:40:04.214+00:00","status":400,"error":"Bad Request","message":"Required int parameter 'transferId' is not present","path":"/MoreInfo"}]
2023-06-19T10:46:44.3555672 400 : [{"timestamp":"2023-06-19T15:46:44.330+00:00","status":400,"error":"Bad Request","message":"Required int parameter 'transferId' is not present","path":"/MoreInfo"}]
2023-06-19T10:58:42.0896401 400 : [{"timestamp":"2023-06-19T15:58:42.067+00:00","status":400,"error":"Bad Request","message":"Required int parameter 'transferId' is not present","path":"/MoreInfo"}]
2023-06-19T13:04:32.4587617 I/O error on POST request for "http://localhost:8080/login": Connection refused: connect; nested exception is java.net.ConnectException: Connection refused: connect
2023-06-19T13:05:36.6938039 500 : [{"timestamp":"2023-06-19T18:05:36.667+00:00","status":500,"error":"Internal Server Error","message":"Optional int parameter 'transferId' is present but cannot be translated into a null value due to being declared as a primitive type. Consider declaring it as object wrapper for the corresponding primitive type.","path":"/MoreInfo"}]
2023-06-19T13:35:21.5999715 404 : [{"timestamp":"2023-06-19T18:35:21.558+00:00","status":404,"error":"Not Found","message":"No message available","path":"/allTransfers"}]
2023-06-19T13:37:12.6660677 404 : [{"timestamp":"2023-06-19T18:37:12.642+00:00","status":404,"error":"Not Found","message":"No message available","path":"/allTransfers"}]
2023-06-19T13:40:23.6339669 404 : [{"timestamp":"2023-06-19T18:40:23.601+00:00","status":404,"error":"Not Found","message":"No message available","path":"/allTransfers"}]
2023-06-19T13:43:27.7643005 404 : [{"timestamp":"2023-06-19T18:43:27.658+00:00","status":404,"error":"Not Found","message":"No message available","path":"/allTransfers"}]
2023-06-19T14:02:22.9900576 I/O error on POST request for "http://localhost:8080/login": Connection refused: connect; nested exception is java.net.ConnectException: Connection refused: connect
2023-06-19T14:04:22.5657914 500 : [{"timestamp":"2023-06-19T19:04:22.542+00:00","status":500,"error":"Internal Server Error","message":"Cannot invoke \"java.util.List.add(Object)\" because \"oneTransaction\" is null","path":"/allTransfers"}]
